<?xml version="1.0" encoding="UTF-8"?>
<!-- Generated by org.testng.reporters.JUnitXMLReporter -->
<testsuite hostname="DESKTOP-0966TJE" ignored="0" name="Test" tests="5" failures="0" timestamp="23 Nov 2021 05:54:31 GMT" time="123.154" errors="0">
  <testcase name="homePageLoadingTest" time="0.169" classname="com.tests.HomePageTest"/>
  <testcase name="verifyModelPageLoadingTest" time="4.446" classname="com.tests.ModelPageTest"/>
  <testcase name="verifyPostcodePageLoadingTest" time="14.663" classname="com.tests.PostcodePageTest"/>
  <testcase name="ContactDetailsPageLoadingTest" time="15.04" classname="com.tests.ContactDetailsPageTest"/>
  <testcase name="verifyThankYouPageLoadingTest" time="21.64" classname="com.tests.ThankYouPageTest"/>
</testsuite> <!-- Test -->
